17:23:09.276 [main] ERROR com.gulaev.Main - Hello
18:14:44.725 [main] ERROR com.gulaev.Main - Hello
18:16:15.568 [main] ERROR com.gulaev.Main - Hello
18:21:59.222 [main] ERROR com.gulaev.Main - Hello
18:22:19.798 [main] ERROR com.gulaev.Main - Hello
18:24:48.475 [main] ERROR com.gulaev.Main - Hello
19:24:18.964 [main] ERROR com.gulaev.Main - Hello
19:24:18.969 [main] ERROR com.gulaev.Main - Try anather password
19:24:50.396 [main] ERROR com.gulaev.Main - Hello
19:24:50.400 [main] ERROR com.gulaev.Main - Try anather password
19:27:14.064 [main] ERROR com.gulaev.Main - Hello
19:27:14.069 [main] ERROR com.gulaev.Main - Try anather password
19:28:23.311 [main] ERROR com.gulaev.Main - Hello
19:30:42.826 [main] ERROR com.gulaev.Main - Hello
19:30:42.828 [main] ERROR com.gulaev.Main - Try anather password
19:31:03.604 [main] ERROR com.gulaev.Main - Hello
19:31:20.348 [main] ERROR com.gulaev.Main - Hello
19:31:44.114 [main] ERROR com.gulaev.Main - Hello
19:32:30.822 [main] ERROR com.gulaev.Main - Hello
13:04:15.599 [main] ERROR com.gulaev.Main - Hello
13:07:42.413 [main] ERROR com.gulaev.Main - Hello
13:33:53.074 [main] ERROR com.gulaev.Main - Hello
13:34:03.521 [main] ERROR com.gulaev.Main - Hello
13:34:15.573 [main] ERROR com.gulaev.Main - Hello
13:34:23.927 [main] ERROR com.gulaev.Main - Hello
13:34:49.537 [main] ERROR com.gulaev.Main - Hello
13:41:36.276 [main] ERROR com.gulaev.Main - Hello
13:41:52.849 [main] ERROR com.gulaev.Main - Hello
14:06:46.887 [main] ERROR com.gulaev.Main - Hello
14:07:44.513 [main] ERROR com.gulaev.Main - Hello
14:08:14.528 [main] ERROR com.gulaev.Main - Hello
14:08:34.000 [main] ERROR com.gulaev.Main - Hello
14:10:28.585 [main] ERROR com.gulaev.Main - Hello
14:12:32.058 [main] ERROR com.gulaev.Main - Hello
14:19:38.628 [main] ERROR com.gulaev.Main - Hello
17:08:55.009 [main] ERROR com.gulaev.builders.OnlineBookBuilder - File with photo not found, set standard image
17:08:55.014 [main] INFO  com.gulaev.service.BookRecommendationService - Start findBookByPreferences
17:08:55.026 [main] INFO  com.gulaev.service.BookRecommendationService - Method findBookByPreferences executed
17:10:02.953 [main] ERROR com.gulaev.builders.OnlineBookBuilder - File with photo not found, set standard image
17:10:02.956 [main] INFO  com.gulaev.service.BookRecommendationService - Start findBookByPreferences
17:10:02.964 [main] INFO  com.gulaev.service.BookRecommendationService - Method findBookByPreferences executed
17:10:14.251 [main] ERROR com.gulaev.builders.OnlineBookBuilder - File with photo not found, set standard image
17:10:14.256 [main] INFO  com.gulaev.service.BookRecommendationService - Start findBookByPreferences
17:10:14.265 [main] INFO  com.gulaev.service.BookRecommendationService - Method findBookByPreferences executed
17:12:25.463 [main] ERROR com.gulaev.builders.OnlineBookBuilder - File with photo not found, set standard image
17:12:25.466 [main] INFO  com.gulaev.service.BookRecommendationService - Start findBookByPreferences
17:12:25.471 [main] INFO  com.gulaev.service.BookRecommendationService - Method findBookByPreferences executed
17:14:01.189 [main] ERROR com.gulaev.builders.OnlineBookBuilder - File with photo not found, set standard image
17:14:01.192 [main] INFO  com.gulaev.service.BookRecommendationService - Start findBookByPreferences
17:14:01.201 [main] INFO  com.gulaev.service.BookRecommendationService - Method findBookByPreferences executed
